# JRE version: OpenJDK Runtime Environment (8.0_112-b06) (build 1.8.0_112-release-b06)
# Java VM: OpenJDK 64-Bit Server VM (25.112-b06 mixed mode linux-amd64 compressed oops)
Heap:
 PSYoungGen      total 337408K, used 15541K [0x00000000e0000000, 0x00000000f7b00000, 0x0000000100000000)
  eden space 303104K, 0% used [0x00000000e0000000,0x00000000e0000000,0x00000000f2800000)
  from space 34304K, 45% used [0x00000000f2800000,0x00000000f372d538,0x00000000f4980000)
  to   space 20992K, 0% used [0x00000000f4980000,0x00000000f4980000,0x00000000f5e00000)
 ParOldGen       total 86528K, used 80570K [0x00000000a0000000, 0x00000000a5480000, 0x00000000e0000000)
  object space 86528K, 93% used [0x00000000a0000000,0x00000000a4eaeba8,0x00000000a5480000)
 Metaspace       used 65147K, capacity 67326K, committed 67736K, reserved 1107968K
  class space    used 8342K, capacity 8770K, committed 8880K, reserved 1048576K
GC Heap History (10 events):
Event: 13.987 GC heap after
Heap after GC invocations=13 (full 2):
 PSYoungGen      total 182272K, used 17187K [0x00000000e0000000, 0x00000000efd00000, 0x0000000100000000)
  eden space 163840K, 0% used [0x00000000e0000000,0x00000000e0000000,0x00000000ea000000)
  from space 18432K, 93% used [0x00000000ea000000,0x00000000eb0c8d18,0x00000000eb200000)
  to   space 20480K, 0% used [0x00000000ee900000,0x00000000ee900000,0x00000000efd00000)
 ParOldGen       total 55808K, used 23252K [0x00000000a0000000, 0x00000000a3680000, 0x00000000e0000000)
  object space 55808K, 41% used [0x00000000a0000000,0x00000000a16b50f0,0x00000000a3680000)
 Metaspace       used 52274K, capacity 53992K, committed 54064K, reserved 1095680K
  class space    used 7107K, capacity 7457K, committed 7472K, reserved 1048576K
}
Event: 14.078 GC heap before
{Heap before GC invocations=14 (full 2):
 PSYoungGen      total 182272K, used 181027K [0x00000000e0000000, 0x00000000efd00000, 0x0000000100000000)
  eden space 163840K, 100% used [0x00000000e0000000,0x00000000ea000000,0x00000000ea000000)
  from space 18432K, 93% used [0x00000000ea000000,0x00000000eb0c8d18,0x00000000eb200000)
  to   space 20480K, 0% used [0x00000000ee900000,0x00000000ee900000,0x00000000efd00000)
 ParOldGen       total 55808K, used 23252K [0x00000000a0000000, 0x00000000a3680000, 0x00000000e0000000)
  object space 55808K, 41% used [0x00000000a0000000,0x00000000a16b50f0,0x00000000a3680000)
 Metaspace       used 52345K, capacity 54112K, committed 54448K, reserved 1095680K
  class space    used 7124K, capacity 7495K, committed 7600K, reserved 1048576K
Event: 14.106 GC heap after
Heap after GC invocations=14 (full 2):
 PSYoungGen      total 238080K, used 1056K [0x00000000e0000000, 0x00000000f1680000, 0x0000000100000000)
  eden space 217600K, 0% used [0x00000000e0000000,0x00000000e0000000,0x00000000ed480000)
  from space 20480K, 5% used [0x00000000ee900000,0x00000000eea08000,0x00000000efd00000)
  to   space 20992K, 0% used [0x00000000ed480000,0x00000000ed480000,0x00000000ee900000)
 ParOldGen       total 55808K, used 37550K [0x00000000a0000000, 0x00000000a3680000, 0x00000000e0000000)
  object space 55808K, 67% used [0x00000000a0000000,0x00000000a24ab9c8,0x00000000a3680000)
 Metaspace       used 52345K, capacity 54112K, committed 54448K, reserved 1095680K
  class space    used 7124K, capacity 7495K, committed 7600K, reserved 1048576K
}
Event: 271.340 GC heap before
{Heap before GC invocations=15 (full 2):
 PSYoungGen      total 238080K, used 125008K [0x00000000e0000000, 0x00000000f1680000, 0x0000000100000000)
  eden space 217600K, 56% used [0x00000000e0000000,0x00000000e790c318,0x00000000ed480000)
  from space 20480K, 5% used [0x00000000ee900000,0x00000000eea08000,0x00000000efd00000)
  to   space 20992K, 0% used [0x00000000ed480000,0x00000000ed480000,0x00000000ee900000)
 ParOldGen       total 55808K, used 37550K [0x00000000a0000000, 0x00000000a3680000, 0x00000000e0000000)
  object space 55808K, 67% used [0x00000000a0000000,0x00000000a24ab9c8,0x00000000a3680000)
 Metaspace       used 57110K, capacity 58980K, committed 59160K, reserved 1099776K
  class space    used 7619K, capacity 7959K, committed 7984K, reserved 1048576K
Event: 271.388 GC heap after
Heap after GC invocations=15 (full 2):
 PSYoungGen      total 238592K, used 11408K [0x00000000e0000000, 0x00000000f5e00000, 0x0000000100000000)
  eden space 217600K, 0% used [0x00000000e0000000,0x00000000e0000000,0x00000000ed480000)
  from space 20992K, 54% used [0x00000000ed480000,0x00000000edfa40e8,0x00000000ee900000)
  to   space 20992K, 0% used [0x00000000f4980000,0x00000000f4980000,0x00000000f5e00000)
 ParOldGen       total 55808K, used 38174K [0x00000000a0000000, 0x00000000a3680000, 0x00000000e0000000)
  object space 55808K, 68% used [0x00000000a0000000,0x00000000a25479c8,0x00000000a3680000)
 Metaspace       used 57110K, capacity 58980K, committed 59160K, reserved 1099776K
  class space    used 7619K, capacity 7959K, committed 7984K, reserved 1048576K
}
Event: 271.388 GC heap before
{Heap before GC invocations=16 (full 3):
 PSYoungGen      total 238592K, used 11408K [0x00000000e0000000, 0x00000000f5e00000, 0x0000000100000000)
  eden space 217600K, 0% used [0x00000000e0000000,0x00000000e0000000,0x00000000ed480000)
  from space 20992K, 54% used [0x00000000ed480000,0x00000000edfa40e8,0x00000000ee900000)
  to   space 20992K, 0% used [0x00000000f4980000,0x00000000f4980000,0x00000000f5e00000)
 ParOldGen       total 55808K, used 38174K [0x00000000a0000000, 0x00000000a3680000, 0x00000000e0000000)
  object space 55808K, 68% used [0x00000000a0000000,0x00000000a25479c8,0x00000000a3680000)
 Metaspace       used 57110K, capacity 58980K, committed 59160K, reserved 1099776K
  class space    used 7619K, capacity 7959K, committed 7984K, reserved 1048576K
Event: 271.581 GC heap after
Heap after GC invocations=16 (full 3):
 PSYoungGen      total 238592K, used 0K [0x00000000e0000000, 0x00000000f5e00000, 0x0000000100000000)
  eden space 217600K, 0% used [0x00000000e0000000,0x00000000e0000000,0x00000000ed480000)
  from space 20992K, 0% used [0x00000000ed480000,0x00000000ed480000,0x00000000ee900000)
  to   space 20992K, 0% used [0x00000000f4980000,0x00000000f4980000,0x00000000f5e00000)
 ParOldGen       total 86528K, used 37548K [0x00000000a0000000, 0x00000000a5480000, 0x00000000e0000000)
  object space 86528K, 43% used [0x00000000a0000000,0x00000000a24ab2c8,0x00000000a5480000)
 Metaspace       used 57108K, capacity 58974K, committed 59160K, reserved 1099776K
  class space    used 7618K, capacity 7958K, committed 7984K, reserved 1048576K
}
Event: 275.808 GC heap before
{Heap before GC invocations=17 (full 3):
 PSYoungGen      total 238592K, used 217600K [0x00000000e0000000, 0x00000000f5e00000, 0x0000000100000000)
  eden space 217600K, 100% used [0x00000000e0000000,0x00000000ed480000,0x00000000ed480000)
  from space 20992K, 0% used [0x00000000ed480000,0x00000000ed480000,0x00000000ee900000)
  to   space 20992K, 0% used [0x00000000f4980000,0x00000000f4980000,0x00000000f5e00000)
 ParOldGen       total 86528K, used 37548K [0x00000000a0000000, 0x00000000a5480000, 0x00000000e0000000)
  object space 86528K, 43% used [0x00000000a0000000,0x00000000a24ab2c8,0x00000000a5480000)
 Metaspace       used 63635K, capacity 65640K, committed 66072K, reserved 1105920K
  class space    used 8249K, capacity 8641K, committed 8752K, reserved 1048576K
Event: 275.843 GC heap after
Heap after GC invocations=17 (full 3):
 PSYoungGen      total 324096K, used 20982K [0x00000000e0000000, 0x00000000f7b00000, 0x0000000100000000)
  eden space 303104K, 0% used [0x00000000e0000000,0x00000000e0000000,0x00000000f2800000)
  from space 20992K, 99% used [0x00000000f4980000,0x00000000f5dfd838,0x00000000f5e00000)
  to   space 34304K, 0% used [0x00000000f2800000,0x00000000f2800000,0x00000000f4980000)
 ParOldGen       total 86528K, used 64730K [0x00000000a0000000, 0x00000000a5480000, 0x00000000e0000000)
  object space 86528K, 74% used [0x00000000a0000000,0x00000000a3f36a60,0x00000000a5480000)
 Metaspace       used 63635K, capacity 65640K, committed 66072K, reserved 1105920K
  class space    used 8249K, capacity 8641K, committed 8752K, reserved 1048576K
}
Event: 1688.187 GC heap before
{Heap before GC invocations=18 (full 3):
 PSYoungGen      total 324096K, used 321429K [0x00000000e0000000, 0x00000000f7b00000, 0x0000000100000000)
  eden space 303104K, 99% used [0x00000000e0000000,0x00000000f2567f50,0x00000000f2800000)
  from space 20992K, 99% used [0x00000000f4980000,0x00000000f5dfd838,0x00000000f5e00000)
  to   space 34304K, 0% used [0x00000000f2800000,0x00000000f2800000,0x00000000f4980000)
 ParOldGen       total 86528K, used 64730K [0x00000000a0000000, 0x00000000a5480000, 0x00000000e0000000)
  object space 86528K, 74% used [0x00000000a0000000,0x00000000a3f36a60,0x00000000a5480000)
 Metaspace       used 65147K, capacity 67326K, committed 67736K, reserved 1107968K
  class space    used 8342K, capacity 8770K, committed 8880K, reserved 1048576K

